<?xml version="1.0" encoding="UTF-8"?>
<robot generator="Robot 6.0.2 (Python 3.10.4 on win32)" generated="20230228 13:14:54.077" rpa="false" schemaversion="3">
<suite id="s1" name="Test Lead1" source="C:\Users\pmurkya\robot\Demo_testing_cumulus\tests\Test_Lead1.robot">
<kw name="Open Test Browser" library="Salesforce" type="SETUP">
<doc>Opens a test browser to the org.</doc>
<kw name="Run Keyword If" library="BuiltIn">
<var>${login_url}</var>
<arg>$useralias</arg>
<arg>Login URL</arg>
<arg>alias=${useralias}</arg>
<arg>ELSE</arg>
<arg>Login URL</arg>
<doc>Runs the given keyword with the given arguments, if ``condition`` is true.</doc>
<kw name="Login Url" library="cumulusci.robotframework.CumulusCI">
<doc>Returns the login url which will automatically log into the target
Salesforce org.  By default, the org_name passed to the library
constructor is used but this can be overridden with the org option
to log into a different org.</doc>
<status status="PASS" starttime="20230228 13:14:54.563" endtime="20230228 13:14:54.564"/>
</kw>
<msg timestamp="20230228 13:14:54.564" level="INFO">${login_url} = https://sem-ag-devhub--qafull.sandbox.my.salesforce.com/secur/frontdoor.jsp?sid=00D7a00000053OO!ARMAQChFLn4R92d6LCCv94DAWJp2Xw_2sQHdAzHTUyRnyHSQLU4Y7cjIIeVMfiIiWoOphoQp8ASaT43VsabFVH89tI8RJZ6O</msg>
<status status="PASS" starttime="20230228 13:14:54.561" endtime="20230228 13:14:54.564"/>
</kw>
<kw name="Run Keyword If" library="BuiltIn">
<arg>'${BROWSER}' == 'chrome'</arg>
<arg>Open Test Browser Chrome</arg>
<arg>${login_url}</arg>
<arg>alias=${alias}</arg>
<arg>ELSE IF</arg>
<arg>'${BROWSER}' == 'firefox'</arg>
<arg>Open Test Browser Firefox</arg>
<arg>${login_url}</arg>
<arg>alias=${alias}</arg>
<arg>ELSE IF</arg>
<arg>'${BROWSER}' == 'headlesschrome'</arg>
<arg>Open Test Browser Chrome</arg>
<arg>${login_url}</arg>
<arg>alias=${alias}</arg>
<arg>ELSE IF</arg>
<arg>'${BROWSER}' == 'headlessfirefox'</arg>
<arg>Open Test Browser Headless Firefox</arg>
<arg>${login_url}</arg>
<arg>alias=${alias}</arg>
<arg>ELSE</arg>
<arg>Open Browser</arg>
<arg>${login_url}</arg>
<arg>${BROWSER}</arg>
<arg>alias=${alias}</arg>
<doc>Runs the given keyword with the given arguments, if ``condition`` is true.</doc>
<kw name="Open Test Browser Chrome" library="Salesforce">
<arg>${login_url}</arg>
<arg>alias=${alias}</arg>
<doc>Opens a Chrome browser window and navigates to the org
This keyword isn't normally called directly by a test. It is used
by the `Open Test Browser` keyword.</doc>
<kw name="Get Chrome Options" library="Salesforce">
<var>${options}</var>
<doc>Returns a dictionary of chrome options, for use by the keyword `Open Test Browser`.</doc>
<kw name="Evaluate" library="BuiltIn">
<var>${options}</var>
<arg>selenium.webdriver.ChromeOptions()</arg>
<arg>modules=selenium</arg>
<doc>Evaluates the given expression in Python and returns the result.</doc>
<msg timestamp="20230228 13:14:54.567" level="INFO">${options} = &lt;selenium.webdriver.chrome.options.Options object at 0x0000019456B1BF10&gt;</msg>
<status status="PASS" starttime="20230228 13:14:54.566" endtime="20230228 13:14:54.567"/>
</kw>
<kw name="Run Keyword If" library="BuiltIn">
<arg>'${BROWSER}' == 'headlesschrome'</arg>
<arg>Chrome Set Headless</arg>
<arg>${options}</arg>
<doc>Runs the given keyword with the given arguments, if ``condition`` is true.</doc>
<status status="PASS" starttime="20230228 13:14:54.567" endtime="20230228 13:14:54.567"/>
</kw>
<kw name="Run Keyword If" library="BuiltIn">
<arg>'${CHROME_BINARY}' != '${empty}'</arg>
<arg>Chrome Set Binary</arg>
<arg>${options}</arg>
<doc>Runs the given keyword with the given arguments, if ``condition`` is true.</doc>
<status status="PASS" starttime="20230228 13:14:54.568" endtime="20230228 13:14:54.568"/>
</kw>
<kw name="Call Method" library="BuiltIn">
<arg>${options}</arg>
<arg>add_argument</arg>
<arg>--disable-notifications</arg>
<doc>Calls the named method of the given object with the provided arguments.</doc>
<status status="PASS" starttime="20230228 13:14:54.568" endtime="20230228 13:14:54.569"/>
</kw>
<msg timestamp="20230228 13:14:54.570" level="INFO">${options} = &lt;selenium.webdriver.chrome.options.Options object at 0x0000019456B1BF10&gt;</msg>
<status status="PASS" starttime="20230228 13:14:54.566" endtime="20230228 13:14:54.570"/>
</kw>
<kw name="Create Webdriver With Retry" library="cumulusci.robotframework.Salesforce">
<arg>Chrome</arg>
<arg>options=${options}</arg>
<arg>alias=${alias}</arg>
<doc>Call the Create Webdriver keyword.</doc>
<msg timestamp="20230228 13:14:54.570" level="INFO">Creating an instance of the Chrome WebDriver.</msg>
<status status="PASS" starttime="20230228 13:14:54.570" endtime="20230228 13:14:56.026"/>
</kw>
<kw name="Set Selenium Implicit Wait" library="SeleniumLibrary">
<arg>${IMPLICIT_WAIT}</arg>
<doc>Sets the implicit wait value used by Selenium.</doc>
<status status="PASS" starttime="20230228 13:14:56.026" endtime="20230228 13:14:56.029"/>
</kw>
<kw name="Set Selenium Timeout" library="SeleniumLibrary">
<arg>${TIMEOUT}</arg>
<doc>Sets the timeout that is used by various keywords.</doc>
<status status="PASS" starttime="20230228 13:14:56.029" endtime="20230228 13:14:56.031"/>
</kw>
<kw name="Go To" library="SeleniumLibrary">
<arg>${login_url}</arg>
<doc>Navigates the current browser window to the provided ``url``.</doc>
<msg timestamp="20230228 13:14:56.031" level="INFO">Opening url 'https://sem-ag-devhub--qafull.sandbox.my.salesforce.com/secur/frontdoor.jsp?sid=00D7a00000053OO!ARMAQChFLn4R92d6LCCv94DAWJp2Xw_2sQHdAzHTUyRnyHSQLU4Y7cjIIeVMfiIiWoOphoQp8ASaT43VsabFVH89tI8RJZ6O'</msg>
<status status="PASS" starttime="20230228 13:14:56.031" endtime="20230228 13:15:06.400"/>
</kw>
<status status="PASS" starttime="20230228 13:14:54.565" endtime="20230228 13:15:06.400"/>
</kw>
<status status="PASS" starttime="20230228 13:14:54.564" endtime="20230228 13:15:06.400"/>
</kw>
<kw name="Convert To Boolean" library="BuiltIn">
<var>${should_wait}</var>
<arg>${wait}</arg>
<doc>Converts the given item to Boolean true or false.</doc>
<msg timestamp="20230228 13:15:06.400" level="INFO">${should_wait} = True</msg>
<status status="PASS" starttime="20230228 13:15:06.400" endtime="20230228 13:15:06.401"/>
</kw>
<kw name="Run Keyword If" library="BuiltIn">
<arg>$should_wait</arg>
<arg>Wait Until Salesforce Is Ready</arg>
<arg>timeout=180</arg>
<doc>Runs the given keyword with the given arguments, if ``condition`` is true.</doc>
<kw name="Wait Until Salesforce Is Ready" library="cumulusci.robotframework.Salesforce">
<arg>timeout=180</arg>
<doc>Waits until we are able to render the initial salesforce landing page</doc>
<status status="PASS" starttime="20230228 13:15:06.401" endtime="20230228 13:15:06.436"/>
</kw>
<status status="PASS" starttime="20230228 13:15:06.401" endtime="20230228 13:15:06.436"/>
</kw>
<kw name="Set Selenium Timeout" library="SeleniumLibrary">
<arg>${TIMEOUT}</arg>
<doc>Sets the timeout that is used by various keywords.</doc>
<status status="PASS" starttime="20230228 13:15:06.436" endtime="20230228 13:15:06.437"/>
</kw>
<kw name="Initialize Location Strategies" library="cumulusci.robotframework.Salesforce">
<doc>Initialize the Salesforce custom location strategies</doc>
<msg timestamp="20230228 13:15:06.446" level="INFO">${LOCATION STRATEGIES INITIALIZED} = True</msg>
<status status="PASS" starttime="20230228 13:15:06.438" endtime="20230228 13:15:06.446"/>
</kw>
<kw name="Split String" library="String">
<var>${width}</var>
<var>${height}</var>
<arg>${size}</arg>
<arg>separator=x</arg>
<arg>max_split=1</arg>
<doc>Splits the ``string`` using ``separator`` as a delimiter string.</doc>
<msg timestamp="20230228 13:15:06.447" level="INFO">${width} = 1280</msg>
<msg timestamp="20230228 13:15:06.447" level="INFO">${height} = 1024</msg>
<status status="PASS" starttime="20230228 13:15:06.446" endtime="20230228 13:15:06.447"/>
</kw>
<kw name="Set Window Size" library="SeleniumLibrary">
<arg>${width}</arg>
<arg>${height}</arg>
<doc>Sets current windows size to given ``width`` and ``height``.</doc>
<status status="PASS" starttime="20230228 13:15:06.447" endtime="20230228 13:15:06.581"/>
</kw>
<kw name="Set Selenium Speed" library="SeleniumLibrary">
<arg>${SELENIUM_SPEED}</arg>
<doc>Sets the delay that is waited after each Selenium command.</doc>
<status status="PASS" starttime="20230228 13:15:06.581" endtime="20230228 13:15:06.583"/>
</kw>
<kw name="Log Browser Capabilities" library="cumulusci.robotframework.Salesforce">
<doc>Logs all of the browser capabilities as reported by selenium</doc>
<msg timestamp="20230228 13:15:06.589" level="INFO">selenium browser capabilities:
{   'acceptInsecureCerts': False,
    'browserName': 'chrome',
    'browserVersion': '110.0.5481.178',
    'chrome': {   'chromedriverVersion': '110.0.5481.77 '
                                         '(65ed616c6e8ee3fe0ad64fe83796c020644d42af-refs/branch-heads/5481@{#839})',
                  'userDataDir': 'C:\\Users\\pmurkya\\AppData\\Local\\Temp\\scoped_dir17780_1758713966'},
    'goog:chromeOptions': {'debuggerAddress': 'localhost:53369'},
    'networkConnectionEnabled': False,
    'pageLoadStrategy': 'normal',
    'platformName': 'windows',
    'proxy': {},
    'setWindowRect': True,
    'strictFileInteractability': False,
    'timeouts': {'implicit': 0, 'pageLoad': 300000, 'script': 30000},
    'unhandledPromptBehavior': 'dismiss and notify',
    'webauthn:extension:credBlob': True,
    'webauthn:extension:largeBlob': True,
    'webauthn:virtualAuthenticators': True}</msg>
<status status="PASS" starttime="20230228 13:15:06.584" endtime="20230228 13:15:06.592"/>
</kw>
<status status="PASS" starttime="20230228 13:14:54.560" endtime="20230228 13:15:06.594"/>
</kw>
<test id="s1-t1" name="OpenCase" line="26">
<kw name="Get Fake Data" library="cumulusci.robotframework.Salesforce">
<var>${first_name}</var>
<arg>first_name</arg>
<doc>Return fake data</doc>
<msg timestamp="20230228 13:15:06.597" level="INFO">${first_name} = Veronica</msg>
<status status="PASS" starttime="20230228 13:15:06.596" endtime="20230228 13:15:06.597"/>
</kw>
<kw name="Get Fake Data" library="cumulusci.robotframework.Salesforce">
<var>${last_name}</var>
<arg>last_name</arg>
<doc>Return fake data</doc>
<msg timestamp="20230228 13:15:06.600" level="INFO">${last_name} = Wallace</msg>
<status status="PASS" starttime="20230228 13:15:06.598" endtime="20230228 13:15:06.600"/>
</kw>
<kw name="Select App Launcher App" library="cumulusci.robotframework.Salesforce">
<arg>Rocky Lead Management</arg>
<doc>Navigates to a Salesforce App via the App Launcher</doc>
<msg timestamp="20230228 13:15:06.601" level="INFO">locator: 'sf:app_launcher.button' =&gt; '//div[contains(@class,'appLauncher')]//button[//div[contains(@class,'slds-icon-waffle')]]'</msg>
<msg timestamp="20230228 13:15:06.631" level="INFO">locator: 'sf:app_launcher.button' =&gt; '//div[contains(@class,'appLauncher')]//button[//div[contains(@class,'slds-icon-waffle')]]'</msg>
<msg timestamp="20230228 13:15:06.679" level="INFO">locator: 'sf:app_launcher.button' =&gt; '//div[contains(@class,'appLauncher')]//button[//div[contains(@class,'slds-icon-waffle')]]'</msg>
<msg timestamp="20230228 13:15:06.698" level="INFO">locator: 'sf:app_launcher.view_all' =&gt; '//div[contains(@class, 'appLauncherMenu')]//button[text()='View All']'</msg>
<msg timestamp="20230228 13:15:07.738" level="INFO">locator: 'sf:app_launcher.view_all' =&gt; '//div[contains(@class, 'appLauncherMenu')]//button[text()='View All']'</msg>
<msg timestamp="20230228 13:15:07.756" level="INFO">locator: 'sf:app_launcher.view_all' =&gt; '//div[contains(@class, 'appLauncherMenu')]//button[text()='View All']'</msg>
<msg timestamp="20230228 13:15:07.820" level="INFO">locator: 'sf:app_launcher.view_all' =&gt; '//div[contains(@class, 'appLauncherMenu')]//button[text()='View All']'</msg>
<msg timestamp="20230228 13:15:44.455" level="INFO">Sending key(s) ('ESCAPE',) to sf:modal.is_open element.</msg>
<msg timestamp="20230228 13:15:44.455" level="INFO">locator: 'sf:modal.is_open' =&gt; 'css: div.uiModal div.panel.slds-modal'</msg>
<msg timestamp="20230228 13:15:44.753" level="INFO">Pressing special key ESCAPE to element.</msg>
<msg timestamp="20230228 13:15:44.753" level="INFO">Releasing special key ESCAPE.</msg>
<msg timestamp="20230228 13:15:52.250" level="INFO">locator: 'sf:app_launcher.button' =&gt; '//div[contains(@class,'appLauncher')]//button[//div[contains(@class,'slds-icon-waffle')]]'</msg>
<msg timestamp="20230228 13:15:52.264" level="INFO">locator: 'sf:app_launcher.button' =&gt; '//div[contains(@class,'appLauncher')]//button[//div[contains(@class,'slds-icon-waffle')]]'</msg>
<msg timestamp="20230228 13:15:52.292" level="INFO">locator: 'sf:app_launcher.button' =&gt; '//div[contains(@class,'appLauncher')]//button[//div[contains(@class,'slds-icon-waffle')]]'</msg>
<msg timestamp="20230228 13:15:52.349" level="INFO">locator: 'sf:app_launcher.view_all' =&gt; '//div[contains(@class, 'appLauncherMenu')]//button[text()='View All']'</msg>
<msg timestamp="20230228 13:15:52.377" level="INFO">locator: 'sf:app_launcher.view_all' =&gt; '//div[contains(@class, 'appLauncherMenu')]//button[text()='View All']'</msg>
<msg timestamp="20230228 13:15:52.389" level="INFO">locator: 'sf:app_launcher.view_all' =&gt; '//div[contains(@class, 'appLauncherMenu')]//button[text()='View All']'</msg>
<msg timestamp="20230228 13:15:52.420" level="INFO">locator: 'sf:app_launcher.view_all' =&gt; '//div[contains(@class, 'appLauncherMenu')]//button[text()='View All']'</msg>
<status status="PASS" starttime="20230228 13:15:06.601" endtime="20230228 13:16:02.076"/>
</kw>
<kw name="Sleep" library="BuiltIn">
<arg>20</arg>
<doc>Pauses the test executed for the given time.</doc>
<msg timestamp="20230228 13:16:22.086" level="INFO">Slept 20 seconds</msg>
<status status="PASS" starttime="20230228 13:16:02.077" endtime="20230228 13:16:22.086"/>
</kw>
<kw name="Go To Page" library="cumulusci.robotframework.PageObjects">
<arg>Home</arg>
<arg>Lead</arg>
<doc>Go to the page of the given page object.</doc>
<msg timestamp="20230228 13:16:22.091" level="INFO">Opening url 'https://sem-ag-devhub--qafull.sandbox.lightning.force.com/lightning/o/Lead/home'</msg>
<status status="PASS" starttime="20230228 13:16:22.087" endtime="20230228 13:16:24.520"/>
</kw>
<kw name="Click Object Button" library="cumulusci.robotframework.Salesforce">
<arg>New</arg>
<doc>Clicks a button in an object's actions.</doc>
<status status="PASS" starttime="20230228 13:16:24.521" endtime="20230228 13:16:25.466"/>
</kw>
<kw name="Click Button" library="SeleniumLibrary">
<arg>Next</arg>
<doc>Clicks the button identified by ``locator``.</doc>
<msg timestamp="20230228 13:16:25.467" level="INFO">Clicking button 'Next'.</msg>
<status status="PASS" starttime="20230228 13:16:25.466" endtime="20230228 13:16:32.645"/>
</kw>
<kw name="Take Screenshot" library="Screenshot">
<doc>Takes a screenshot in JPEG format and embeds it into the log file.</doc>
<msg timestamp="20230228 13:16:32.781" level="INFO" html="true">&lt;a href="screenshot_51.jpg"&gt;&lt;img src="screenshot_51.jpg" width="800px"&gt;&lt;/a&gt;</msg>
<status status="PASS" starttime="20230228 13:16:32.646" endtime="20230228 13:16:32.781"/>
</kw>
<kw name="Populate Form" library="cumulusci.robotframework.Salesforce">
<doc>Enters multiple values from a mapping into form fields.</doc>
<status status="PASS" starttime="20230228 13:16:32.781" endtime="20230228 13:16:32.781"/>
</kw>
<kw name="Click Element" library="SeleniumLibrary">
<arg>xpath=//label[text()='Lead Status']//ancestor::span[@class='test-id__field-value slds-size_1-of-1']//button</arg>
<doc>Click the element identified by ``locator``.</doc>
<msg timestamp="20230228 13:16:32.783" level="INFO">Clicking element 'xpath=//label[text()='Lead Status']//ancestor::span[@class='test-id__field-value slds-size_1-of-1']//button'.</msg>
<status status="PASS" starttime="20230228 13:16:32.782" endtime="20230228 13:16:33.864"/>
</kw>
<kw name="Click Element" library="SeleniumLibrary">
<arg>xpath=//*[@data-value="In Routing"]</arg>
<arg>First Name=${first_name}</arg>
<arg>Last Name=${last_name}</arg>
<doc>Click the element identified by ``locator``.</doc>
<msg timestamp="20230228 13:16:33.866" level="INFO">Clicking element 'xpath=//*[@data-value="In Routing"]' with First Name=Veronica.</msg>
<msg timestamp="20230228 13:16:34.091" level="INFO" html="true">&lt;/td&gt;&lt;/tr&gt;&lt;tr&gt;&lt;td colspan="3"&gt;&lt;a href="selenium-screenshot-74.png"&gt;&lt;img src="selenium-screenshot-74.png" width="800px"&gt;&lt;/a&gt;</msg>
<msg timestamp="20230228 13:16:34.091" level="FAIL">ValueError: 'FIRST NAME=VERONICA' modifier does not match to Selenium Keys</msg>
<status status="FAIL" starttime="20230228 13:16:33.865" endtime="20230228 13:16:34.095"/>
</kw>
<kw name="Click Element" library="SeleniumLibrary">
<arg>xpath=//label[text()='Brand']//ancestor::span[@class='test-id__field-value slds-size_1-of-1']//button</arg>
<doc>Click the element identified by ``locator``.</doc>
<status status="NOT RUN" starttime="20230228 13:16:34.095" endtime="20230228 13:16:34.095"/>
</kw>
<kw name="Click Element" library="SeleniumLibrary">
<arg>xpath=//span[text()='Audi']</arg>
<doc>Click the element identified by ``locator``.</doc>
<status status="NOT RUN" starttime="20230228 13:16:34.096" endtime="20230228 13:16:34.096"/>
</kw>
<kw name="Click Button" library="SeleniumLibrary">
<arg>Save</arg>
<doc>Clicks the button identified by ``locator``.</doc>
<status status="NOT RUN" starttime="20230228 13:16:34.097" endtime="20230228 13:16:34.097"/>
</kw>
<status status="FAIL" starttime="20230228 13:15:06.594" endtime="20230228 13:16:34.097">ValueError: 'FIRST NAME=VERONICA' modifier does not match to Selenium Keys</status>
</test>
<status status="FAIL" starttime="20230228 13:14:54.077" endtime="20230228 13:16:34.100"/>
</suite>
<statistics>
<total>
<stat pass="0" fail="1" skip="0">All Tests</stat>
</total>
<tag>
</tag>
<suite>
<stat pass="0" fail="1" skip="0" id="s1" name="Test Lead1">Test Lead1</stat>
</suite>
</statistics>
<errors>
<msg timestamp="20230228 13:14:54.480" level="ERROR">Error in file 'C:\Users\pmurkya\robot\Demo_testing_cumulus\tests\Test_Lead1.robot' on line 8: Importing library 'ExtendedSelenium2Library' failed: ModuleNotFoundError: No module named 'ExtendedSelenium2Library'
Traceback (most recent call last):
  None
PYTHONPATH:
  C:\Users\pmurkya\AppData\Local\Programs\Python\Python310\lib\site-packages
  C:\Users\pmurkya\AppData\Local\Programs\Python\Python310\Scripts\cci.exe
  C:\Users\pmurkya\AppData\Local\Programs\Python\Python310\python310.zip
  C:\Users\pmurkya\AppData\Local\Programs\Python\Python310\DLLs
  C:\Users\pmurkya\AppData\Local\Programs\Python\Python310\lib
  C:\Users\pmurkya\AppData\Local\Programs\Python\Python310
  C:\Users\pmurkya\AppData\Roaming\Python\Python310\site-packages
  C:\Users\pmurkya\Projects\NEW_PROJECT_BY_MANINDER\CumulusCI
  C:\Users\pmurkya</msg>
<msg timestamp="20230228 13:14:54.487" level="ERROR">Error in file 'C:\Users\pmurkya\robot\Demo_testing_cumulus\tests\Test_Lead1.robot' on line 10: Importing library 'RequestLibrary' failed: ModuleNotFoundError: No module named 'RequestLibrary'
Traceback (most recent call last):
  None
PYTHONPATH:
  C:\Users\pmurkya\AppData\Local\Programs\Python\Python310\lib\site-packages
  C:\Users\pmurkya\AppData\Local\Programs\Python\Python310\Scripts\cci.exe
  C:\Users\pmurkya\AppData\Local\Programs\Python\Python310\python310.zip
  C:\Users\pmurkya\AppData\Local\Programs\Python\Python310\DLLs
  C:\Users\pmurkya\AppData\Local\Programs\Python\Python310\lib
  C:\Users\pmurkya\AppData\Local\Programs\Python\Python310
  C:\Users\pmurkya\AppData\Roaming\Python\Python310\site-packages
  C:\Users\pmurkya\Projects\NEW_PROJECT_BY_MANINDER\CumulusCI
  C:\Users\pmurkya</msg>
<msg timestamp="20230228 13:14:54.505" level="ERROR">Error in file 'C:\Users\pmurkya\Projects\NEW_PROJECT_BY_MANINDER\CumulusCI\cumulusci\robotframework\SalesforcePlaywright.robot' on line 33: Importing library 'Browser' failed: ModuleNotFoundError: No module named 'Browser'
Traceback (most recent call last):
  None
PYTHONPATH:
  C:\Users\pmurkya\AppData\Local\Programs\Python\Python310\lib\site-packages
  C:\Users\pmurkya\AppData\Local\Programs\Python\Python310\Scripts\cci.exe
  C:\Users\pmurkya\AppData\Local\Programs\Python\Python310\python310.zip
  C:\Users\pmurkya\AppData\Local\Programs\Python\Python310\DLLs
  C:\Users\pmurkya\AppData\Local\Programs\Python\Python310\lib
  C:\Users\pmurkya\AppData\Local\Programs\Python\Python310
  C:\Users\pmurkya\AppData\Roaming\Python\Python310\site-packages
  C:\Users\pmurkya\Projects\NEW_PROJECT_BY_MANINDER\CumulusCI
  C:\Users\pmurkya</msg>
<msg timestamp="20230228 13:14:54.547" level="ERROR">Error in file 'C:\Users\pmurkya\Projects\NEW_PROJECT_BY_MANINDER\CumulusCI\cumulusci\robotframework\SalesforcePlaywright.robot' on line 38: Importing library 'cumulusci.robotframework.SalesforcePlaywright' failed: ModuleNotFoundError: No module named 'Browser'
Traceback (most recent call last):
  File "C:\Users\pmurkya\Projects\NEW_PROJECT_BY_MANINDER\CumulusCI\cumulusci\robotframework\SalesforcePlaywright.py", line 4, in &lt;module&gt;
    from Browser import SupportedBrowsers
PYTHONPATH:
  C:\Users\pmurkya\AppData\Local\Programs\Python\Python310\lib\site-packages
  C:\Users\pmurkya\AppData\Local\Programs\Python\Python310\Scripts\cci.exe
  C:\Users\pmurkya\AppData\Local\Programs\Python\Python310\python310.zip
  C:\Users\pmurkya\AppData\Local\Programs\Python\Python310\DLLs
  C:\Users\pmurkya\AppData\Local\Programs\Python\Python310\lib
  C:\Users\pmurkya\AppData\Local\Programs\Python\Python310
  C:\Users\pmurkya\AppData\Roaming\Python\Python310\site-packages
  C:\Users\pmurkya\Projects\NEW_PROJECT_BY_MANINDER\CumulusCI
  C:\Users\pmurkya</msg>
</errors>
</robot>
