<?xml version="1.0" encoding="UTF-8"?>
<robot generator="Robot 6.0.2 (Python 3.10.4 on win32)" generated="20230217 19:10:15.171" rpa="false" schemaversion="3">
<suite id="s1" name="Pageobjects" source="C:\Users\pmurkya\Projects\NEW_PROJECT_BY_MANINDER\CumulusCI\cumulusci\robotframework\tests\salesforce\pageobjects\pageobjects.robot">
<kw name="Open Test Browser" library="Salesforce" type="SETUP">
<doc>Opens a test browser to the org.</doc>
<kw name="Run Keyword If" library="BuiltIn">
<var>${login_url}</var>
<arg>$useralias</arg>
<arg>Login URL</arg>
<arg>alias=${useralias}</arg>
<arg>ELSE</arg>
<arg>Login URL</arg>
<doc>Runs the given keyword with the given arguments, if ``condition`` is true.</doc>
<kw name="Login Url" library="cumulusci.robotframework.CumulusCI">
<doc>Returns the login url which will automatically log into the target
Salesforce org.  By default, the org_name passed to the library
constructor is used but this can be overridden with the org option
to log into a different org.</doc>
<msg timestamp="20230217 19:10:17.517" level="FAIL">FileNotFoundError: [Errno 2] No such file or directory: 'orgs/dev.json'</msg>
<status status="FAIL" starttime="20230217 19:10:17.516" endtime="20230217 19:10:17.519"/>
</kw>
<status status="FAIL" starttime="20230217 19:10:17.512" endtime="20230217 19:10:17.519"/>
</kw>
<kw name="Run Keyword If" library="BuiltIn">
<arg>'${BROWSER}' == 'chrome'</arg>
<arg>Open Test Browser Chrome</arg>
<arg>${login_url}</arg>
<arg>alias=${alias}</arg>
<arg>ELSE IF</arg>
<arg>'${BROWSER}' == 'firefox'</arg>
<arg>Open Test Browser Firefox</arg>
<arg>${login_url}</arg>
<arg>alias=${alias}</arg>
<arg>ELSE IF</arg>
<arg>'${BROWSER}' == 'headlesschrome'</arg>
<arg>Open Test Browser Chrome</arg>
<arg>${login_url}</arg>
<arg>alias=${alias}</arg>
<arg>ELSE IF</arg>
<arg>'${BROWSER}' == 'headlessfirefox'</arg>
<arg>Open Test Browser Headless Firefox</arg>
<arg>${login_url}</arg>
<arg>alias=${alias}</arg>
<arg>ELSE</arg>
<arg>Open Browser</arg>
<arg>${login_url}</arg>
<arg>${BROWSER}</arg>
<arg>alias=${alias}</arg>
<doc>Runs the given keyword with the given arguments, if ``condition`` is true.</doc>
<status status="NOT RUN" starttime="20230217 19:10:17.520" endtime="20230217 19:10:17.520"/>
</kw>
<kw name="Convert To Boolean" library="BuiltIn">
<var>${should_wait}</var>
<arg>${wait}</arg>
<doc>Converts the given item to Boolean true or false.</doc>
<status status="NOT RUN" starttime="20230217 19:10:17.521" endtime="20230217 19:10:17.521"/>
</kw>
<kw name="Run Keyword If" library="BuiltIn">
<arg>$should_wait</arg>
<arg>Wait Until Salesforce Is Ready</arg>
<arg>timeout=180</arg>
<doc>Runs the given keyword with the given arguments, if ``condition`` is true.</doc>
<status status="NOT RUN" starttime="20230217 19:10:17.521" endtime="20230217 19:10:17.521"/>
</kw>
<kw name="Set Selenium Timeout" library="SeleniumLibrary">
<arg>${TIMEOUT}</arg>
<doc>Sets the timeout that is used by various keywords.</doc>
<status status="NOT RUN" starttime="20230217 19:10:17.521" endtime="20230217 19:10:17.521"/>
</kw>
<kw name="Initialize Location Strategies">
<status status="NOT RUN" starttime="20230217 19:10:17.529" endtime="20230217 19:10:17.529"/>
</kw>
<kw name="Split String" library="String">
<var>${width}</var>
<var>${height}</var>
<arg>${size}</arg>
<arg>separator=x</arg>
<arg>max_split=1</arg>
<doc>Splits the ``string`` using ``separator`` as a delimiter string.</doc>
<status status="NOT RUN" starttime="20230217 19:10:17.529" endtime="20230217 19:10:17.529"/>
</kw>
<kw name="Set Window Size" library="SeleniumLibrary">
<arg>${width}</arg>
<arg>${height}</arg>
<doc>Sets current windows size to given ``width`` and ``height``.</doc>
<status status="NOT RUN" starttime="20230217 19:10:17.530" endtime="20230217 19:10:17.530"/>
</kw>
<kw name="Set Selenium Speed" library="SeleniumLibrary">
<arg>${SELENIUM_SPEED}</arg>
<doc>Sets the delay that is waited after each Selenium command.</doc>
<status status="NOT RUN" starttime="20230217 19:10:17.530" endtime="20230217 19:10:17.530"/>
</kw>
<kw name="Log browser capabilities">
<status status="NOT RUN" starttime="20230217 19:10:17.538" endtime="20230217 19:10:17.538"/>
</kw>
<status status="FAIL" starttime="20230217 19:10:17.511" endtime="20230217 19:10:17.539"/>
</kw>
<test id="s1-t1" name="Load page object, using defined page object" line="11">
<doc>If we can't do this, all hope is lost!</doc>
<status status="FAIL" starttime="20230217 19:10:17.540" endtime="20230217 19:10:17.542">Parent suite setup failed:
FileNotFoundError: [Errno 2] No such file or directory: 'orgs/dev.json'</status>
</test>
<test id="s1-t2" name="Go to page automatically loads page object" line="16">
<doc>Verify that 'go to page' automatically loads the page object</doc>
<status status="FAIL" starttime="20230217 19:10:17.546" endtime="20230217 19:10:17.547">Parent suite setup failed:
FileNotFoundError: [Errno 2] No such file or directory: 'orgs/dev.json'</status>
</test>
<test id="s1-t3" name="Go to page and current page should be, using defined page object" line="22">
<doc>Verify we can go to an implemented page object</doc>
<status status="FAIL" starttime="20230217 19:10:17.551" endtime="20230217 19:10:17.552">Parent suite setup failed:
FileNotFoundError: [Errno 2] No such file or directory: 'orgs/dev.json'</status>
</test>
<test id="s1-t4" name="Go to page, using generic page object" line="27">
<doc>Verify we can go to a page object for which there is
no explicit definition, but for which there is a generic
(base) class.</doc>
<status status="FAIL" starttime="20230217 19:10:17.556" endtime="20230217 19:10:17.558">Parent suite setup failed:
FileNotFoundError: [Errno 2] No such file or directory: 'orgs/dev.json'</status>
</test>
<test id="s1-t5" name="Go to page, using multiple generic pages" line="35">
<doc>Verify we can use multiple generic page objects in the same
test. Earlier versions of the library had a bug that
prevented this from working. What was happening is that we
were giving the library a generic name like "DetailPage"
rather than a name that included the object type such as
"ContactDetailPage".</doc>
<status status="FAIL" starttime="20230217 19:10:17.561" endtime="20230217 19:10:17.562">Parent suite setup failed:
FileNotFoundError: [Errno 2] No such file or directory: 'orgs/dev.json'</status>
</test>
<test id="s1-t6" name="Get page object" line="51">
<doc>Verify that we can call the `get page object` keyword and that
it returns a page object</doc>
<status status="FAIL" starttime="20230217 19:10:17.565" endtime="20230217 19:10:17.566">Parent suite setup failed:
FileNotFoundError: [Errno 2] No such file or directory: 'orgs/dev.json'</status>
</test>
<test id="s1-t7" name="Call keyword of defined page object" line="67">
<doc>Verify we can call a keyword in a defined page object</doc>
<status status="FAIL" starttime="20230217 19:10:17.571" endtime="20230217 19:10:17.576">Parent suite setup failed:
FileNotFoundError: [Errno 2] No such file or directory: 'orgs/dev.json'</status>
</test>
<test id="s1-t8" name="Load page object, using generic page object" line="76">
<doc>Verify that 'load page object' works when using a generic
page object</doc>
<status status="FAIL" starttime="20230217 19:10:17.581" endtime="20230217 19:10:17.581">Parent suite setup failed:
FileNotFoundError: [Errno 2] No such file or directory: 'orgs/dev.json'</status>
</test>
<test id="s1-t9" name="Current page should be, using generic page object" line="82">
<doc>Verify that 'current page should be' works when
using a generic page object</doc>
<status status="FAIL" starttime="20230217 19:10:17.584" endtime="20230217 19:10:17.585">Parent suite setup failed:
FileNotFoundError: [Errno 2] No such file or directory: 'orgs/dev.json'</status>
</test>
<test id="s1-t10" name="Current page should be throws appropriate error" line="92">
<doc>Verifies the error that is thrown when 'current page should be'
is false</doc>
<status status="FAIL" starttime="20230217 19:10:17.587" endtime="20230217 19:10:17.590">Parent suite setup failed:
FileNotFoundError: [Errno 2] No such file or directory: 'orgs/dev.json'</status>
</test>
<test id="s1-t11" name="Error when no page object can be found" line="102">
<doc>Verify we get an error if no page object exists, and
there is no suitable base class</doc>
<status status="FAIL" starttime="20230217 19:10:17.595" endtime="20230217 19:10:17.596">Parent suite setup failed:
FileNotFoundError: [Errno 2] No such file or directory: 'orgs/dev.json'</status>
</test>
<test id="s1-t12" name="Log page object keywords" line="111">
<doc>Verify that 'log page object keywords' doesn't throw an error</doc>
<status status="FAIL" starttime="20230217 19:10:17.598" endtime="20230217 19:10:17.598">Parent suite setup failed:
FileNotFoundError: [Errno 2] No such file or directory: 'orgs/dev.json'</status>
</test>
<test id="s1-t13" name="Load multiple page objects in library search order" line="120">
<doc>Loading a page object inserts it at the start of the
library search order. Verify that that happens properly.</doc>
<status status="FAIL" starttime="20230217 19:10:17.602" endtime="20230217 19:10:17.604">Parent suite setup failed:
FileNotFoundError: [Errno 2] No such file or directory: 'orgs/dev.json'</status>
</test>
<test id="s1-t14" name="Wait for page object" line="144">
<status status="FAIL" starttime="20230217 19:10:17.606" endtime="20230217 19:10:17.607">Parent suite setup failed:
FileNotFoundError: [Errno 2] No such file or directory: 'orgs/dev.json'</status>
</test>
<test id="s1-t15" name="Wait for page object exception" line="150">
<doc>Verify we throw an error if page object isn't found</doc>
<status status="FAIL" starttime="20230217 19:10:17.610" endtime="20230217 19:10:17.611">Parent suite setup failed:
FileNotFoundError: [Errno 2] No such file or directory: 'orgs/dev.json'</status>
</test>
<test id="s1-t16" name="Wait for modal" line="157">
<doc>Verify that the 'wait for modal' keyword works</doc>
<status status="FAIL" starttime="20230217 19:10:17.612" endtime="20230217 19:10:17.613">Parent suite setup failed:
FileNotFoundError: [Errno 2] No such file or directory: 'orgs/dev.json'</status>
</test>
<test id="s1-t17" name="Wait for modal exception" line="164">
<doc>Verify we throw an error if page object isn't found</doc>
<status status="FAIL" starttime="20230217 19:10:17.615" endtime="20230217 19:10:17.616">Parent suite setup failed:
FileNotFoundError: [Errno 2] No such file or directory: 'orgs/dev.json'</status>
</test>
<kw name="Delete Records and Close Browser" library="Salesforce" type="TEARDOWN">
<doc>This will close all open browser windows and then delete
all records that were created with the Salesforce API during
this testing session.</doc>
<kw name="Close All Browsers" library="SeleniumLibrary">
<doc>Closes all open browsers and resets the browser cache.</doc>
<status status="PASS" starttime="20230217 19:10:17.625" endtime="20230217 19:10:17.626"/>
</kw>
<kw name="Delete Session Records" library="cumulusci.robotframework.SalesforceAPI">
<doc>Deletes records that were created while running this test case.</doc>
<msg timestamp="20230217 19:10:17.626" level="INFO">Deleting 0 records</msg>
<status status="PASS" starttime="20230217 19:10:17.626" endtime="20230217 19:10:17.626"/>
</kw>
<status status="PASS" starttime="20230217 19:10:17.624" endtime="20230217 19:10:17.627"/>
</kw>
<status status="FAIL" starttime="20230217 19:10:15.175" endtime="20230217 19:10:17.627">Suite setup failed:
FileNotFoundError: [Errno 2] No such file or directory: 'orgs/dev.json'</status>
</suite>
<statistics>
<total>
<stat pass="0" fail="17" skip="0">All Tests</stat>
</total>
<tag>
</tag>
<suite>
<stat pass="0" fail="17" skip="0" id="s1" name="Pageobjects">Pageobjects</stat>
</suite>
</statistics>
<errors>
<msg timestamp="20230217 19:10:17.481" level="ERROR">Error in file 'C:\Users\pmurkya\AppData\Local\Programs\Python\Python310\lib\site-packages\cumulusci\robotframework\Salesforce.robot' on line 26: Initializing library 'cumulusci.robotframework.Salesforce' with arguments [ debug=False ] failed: FileNotFoundError: [Errno 2] No such file or directory: 'orgs/dev.json'
Traceback (most recent call last):
  File "C:\Users\pmurkya\AppData\Local\Programs\Python\Python310\lib\site-packages\cumulusci\robotframework\Salesforce.py", line 58, in __init__
    self._init_locators()
  File "C:\Users\pmurkya\AppData\Local\Programs\Python\Python310\lib\site-packages\cumulusci\robotframework\Salesforce.py", line 67, in _init_locators
    version = int(float(self.salesforce_api.get_latest_api_version()))
  File "C:\Users\pmurkya\AppData\Local\Programs\Python\Python310\lib\site-packages\cumulusci\robotframework\SalesforceAPI.py", line 41, in get_latest_api_version
    return self.cumulusci.org.latest_api_version
  File "C:\Users\pmurkya\AppData\Local\Programs\Python\Python310\lib\site-packages\cumulusci\core\config\org_config.py", line 178, in latest_api_version
    headers = {"Authorization": "Bearer " + self.access_token}
  File "C:\Users\pmurkya\AppData\Local\Programs\Python\Python310\lib\site-packages\cumulusci\core\config\sfdx_org_config.py", line 80, in access_token
    return self.sfdx_info["access_token"]
  File "C:\Users\pmurkya\AppData\Local\Programs\Python\Python310\lib\site-packages\cumulusci\core\config\sfdx_org_config.py", line 23, in sfdx_info
    self.create_org()
  File "C:\Users\pmurkya\AppData\Local\Programs\Python\Python310\lib\site-packages\cumulusci\core\config\scratch_org_config.py", line 70, in create_org
    args = self._build_org_create_args()
  File "C:\Users\pmurkya\AppData\Local\Programs\Python\Python310\lib\site-packages\cumulusci\core\config\scratch_org_config.py", line 135, in _build_org_create_args
    with open(self.config_file, "r") as org_def:
FileNotFoundError: [Errno 2] No such file or directory: 'orgs/dev.json'</msg>
</errors>
</robot>
